<?xml version="1.0" encoding="UTF-8"?>
<testsuite name="OwnersApiTest" tests="1" skipped="0" failures="1" errors="0" timestamp="2020-12-31T10:51:20" hostname="DESKTOP-CJDRQHQ" time="10.893">
  <properties/>
  <testcase name="owners_crud_operations()" classname="OwnersApiTest" time="10.893">
    <failure message="api.common.exception.InvalidResponseException: Response Status : 404" type="api.common.exception.InvalidResponseException">api.common.exception.InvalidResponseException: Response Status : 404
	at api.common.CommonApiResponse.getContent(CommonApiResponse.java:36)
	at OwnersApiTest.getOwner_byId(OwnersApiTest.java:73)
	at OwnersApiTest.owners_crud_operations(OwnersApiTest.java:31)
	at java.base/jdk.internal.reflect.NativeMethodAccessorImpl.invoke0(Native Method)
	at java.base/jdk.internal.reflect.NativeMethodAccessorImpl.invoke(NativeMethodAccessorImpl.java:64)
	at java.base/jdk.internal.reflect.DelegatingMethodAccessorImpl.invoke(DelegatingMethodAccessorImpl.java:43)
	at java.base/java.lang.reflect.Method.invoke(Method.java:564)
	at org.junit.platform.commons.util.ReflectionUtils.invokeMethod(ReflectionUtils.java:688)
	at org.junit.jupiter.engine.execution.MethodInvocation.proceed(MethodInvocation.java:60)
	at org.junit.jupiter.engine.execution.InvocationInterceptorChain$ValidatingInvocation.proceed(InvocationInterceptorChain.java:131)
	at org.junit.jupiter.engine.extension.TimeoutExtension.intercept(TimeoutExtension.java:149)
	at org.junit.jupiter.engine.extension.TimeoutExtension.interceptTestableMethod(TimeoutExtension.java:140)
	at org.junit.jupiter.engine.extension.TimeoutExtension.interceptTestMethod(TimeoutExtension.java:84)
	at org.junit.jupiter.engine.execution.ExecutableInvoker$ReflectiveInterceptorCall.lambda$ofVoidMethod$0(ExecutableInvoker.java:115)
	at org.junit.jupiter.engine.execution.ExecutableInvoker.lambda$invoke$0(ExecutableInvoker.java:105)
	at org.junit.jupiter.engine.execution.InvocationInterceptorChain$InterceptedInvocation.proceed(InvocationInterceptorChain.java:106)
	at org.junit.jupiter.engine.execution.InvocationInterceptorChain.proceed(InvocationInterceptorChain.java:64)
	at org.junit.jupiter.engine.execution.InvocationInterceptorChain.chainAndInvoke(InvocationInterceptorChain.java:45)
	at org.junit.jupiter.engine.execution.InvocationInterceptorChain.invoke(InvocationInterceptorChain.java:37)
	at org.junit.jupiter.engine.execution.ExecutableInvoker.invoke(ExecutableInvoker.java:104)
	at org.junit.jupiter.engine.execution.ExecutableInvoker.invoke(ExecutableInvoker.java:98)
	at org.junit.jupiter.engine.descriptor.TestMethodTestDescriptor.lambda$invokeTestMethod$6(TestMethodTestDescriptor.java:210)
	at org.junit.platform.engine.support.hierarchical.ThrowableCollector.execute(ThrowableCollector.java:73)
	at org.junit.jupiter.engine.descriptor.TestMethodTestDescriptor.invokeTestMethod(TestMethodTestDescriptor.java:206)
	at org.junit.jupiter.engine.descriptor.TestMethodTestDescriptor.execute(TestMethodTestDescriptor.java:131)
	at org.junit.jupiter.engine.descriptor.TestMethodTestDescriptor.execute(TestMethodTestDescriptor.java:65)
	at org.junit.platform.engine.support.hierarchical.NodeTestTask.lambda$executeRecursively$5(NodeTestTask.java:139)
	at org.junit.platform.engine.support.hierarchical.ThrowableCollector.execute(ThrowableCollector.java:73)
	at org.junit.platform.engine.support.hierarchical.NodeTestTask.lambda$executeRecursively$7(NodeTestTask.java:129)
	at org.junit.platform.engine.support.hierarchical.Node.around(Node.java:137)
	at org.junit.platform.engine.support.hierarchical.NodeTestTask.lambda$executeRecursively$8(NodeTestTask.java:127)
	at org.junit.platform.engine.support.hierarchical.ThrowableCollector.execute(ThrowableCollector.java:73)
	at org.junit.platform.engine.support.hierarchical.NodeTestTask.executeRecursively(NodeTestTask.java:126)
	at org.junit.platform.engine.support.hierarchical.NodeTestTask.execute(NodeTestTask.java:84)
	at java.base/java.util.ArrayList.forEach(ArrayList.java:1511)
	at org.junit.platform.engine.support.hierarchical.SameThreadHierarchicalTestExecutorService.invokeAll(SameThreadHierarchicalTestExecutorService.java:38)
	at org.junit.platform.engine.support.hierarchical.NodeTestTask.lambda$executeRecursively$5(NodeTestTask.java:143)
	at org.junit.platform.engine.support.hierarchical.ThrowableCollector.execute(ThrowableCollector.java:73)
	at org.junit.platform.engine.support.hierarchical.NodeTestTask.lambda$executeRecursively$7(NodeTestTask.java:129)
	at org.junit.platform.engine.support.hierarchical.Node.around(Node.java:137)
	at org.junit.platform.engine.support.hierarchical.NodeTestTask.lambda$executeRecursively$8(NodeTestTask.java:127)
	at org.junit.platform.engine.support.hierarchical.ThrowableCollector.execute(ThrowableCollector.java:73)
	at org.junit.platform.engine.support.hierarchical.NodeTestTask.executeRecursively(NodeTestTask.java:126)
	at org.junit.platform.engine.support.hierarchical.NodeTestTask.execute(NodeTestTask.java:84)
	at java.base/java.util.ArrayList.forEach(ArrayList.java:1511)
	at org.junit.platform.engine.support.hierarchical.SameThreadHierarchicalTestExecutorService.invokeAll(SameThreadHierarchicalTestExecutorService.java:38)
	at org.junit.platform.engine.support.hierarchical.NodeTestTask.lambda$executeRecursively$5(NodeTestTask.java:143)
	at org.junit.platform.engine.support.hierarchical.ThrowableCollector.execute(ThrowableCollector.java:73)
	at org.junit.platform.engine.support.hierarchical.NodeTestTask.lambda$executeRecursively$7(NodeTestTask.java:129)
	at org.junit.platform.engine.support.hierarchical.Node.around(Node.java:137)
	at org.junit.platform.engine.support.hierarchical.NodeTestTask.lambda$executeRecursively$8(NodeTestTask.java:127)
	at org.junit.platform.engine.support.hierarchical.ThrowableCollector.execute(ThrowableCollector.java:73)
	at org.junit.platform.engine.support.hierarchical.NodeTestTask.executeRecursively(NodeTestTask.java:126)
	at org.junit.platform.engine.support.hierarchical.NodeTestTask.execute(NodeTestTask.java:84)
	at org.junit.platform.engine.support.hierarchical.SameThreadHierarchicalTestExecutorService.submit(SameThreadHierarchicalTestExecutorService.java:32)
	at org.junit.platform.engine.support.hierarchical.HierarchicalTestExecutor.execute(HierarchicalTestExecutor.java:57)
	at org.junit.platform.engine.support.hierarchical.HierarchicalTestEngine.execute(HierarchicalTestEngine.java:51)
	at org.junit.platform.launcher.core.EngineExecutionOrchestrator.execute(EngineExecutionOrchestrator.java:108)
	at org.junit.platform.launcher.core.EngineExecutionOrchestrator.execute(EngineExecutionOrchestrator.java:88)
	at org.junit.platform.launcher.core.EngineExecutionOrchestrator.lambda$execute$0(EngineExecutionOrchestrator.java:54)
	at org.junit.platform.launcher.core.EngineExecutionOrchestrator.withInterceptedStreams(EngineExecutionOrchestrator.java:67)
	at org.junit.platform.launcher.core.EngineExecutionOrchestrator.execute(EngineExecutionOrchestrator.java:52)
	at org.junit.platform.launcher.core.DefaultLauncher.execute(DefaultLauncher.java:96)
	at org.junit.platform.launcher.core.DefaultLauncher.execute(DefaultLauncher.java:75)
	at org.gradle.api.internal.tasks.testing.junitplatform.JUnitPlatformTestClassProcessor$CollectAllTestClassesExecutor.processAllTestClasses(JUnitPlatformTestClassProcessor.java:99)
	at org.gradle.api.internal.tasks.testing.junitplatform.JUnitPlatformTestClassProcessor$CollectAllTestClassesExecutor.access$000(JUnitPlatformTestClassProcessor.java:79)
	at org.gradle.api.internal.tasks.testing.junitplatform.JUnitPlatformTestClassProcessor.stop(JUnitPlatformTestClassProcessor.java:75)
	at org.gradle.api.internal.tasks.testing.SuiteTestClassProcessor.stop(SuiteTestClassProcessor.java:61)
	at java.base/jdk.internal.reflect.NativeMethodAccessorImpl.invoke0(Native Method)
	at java.base/jdk.internal.reflect.NativeMethodAccessorImpl.invoke(NativeMethodAccessorImpl.java:64)
	at java.base/jdk.internal.reflect.DelegatingMethodAccessorImpl.invoke(DelegatingMethodAccessorImpl.java:43)
	at java.base/java.lang.reflect.Method.invoke(Method.java:564)
	at org.gradle.internal.dispatch.ReflectionDispatch.dispatch(ReflectionDispatch.java:36)
	at org.gradle.internal.dispatch.ReflectionDispatch.dispatch(ReflectionDispatch.java:24)
	at org.gradle.internal.dispatch.ContextClassLoaderDispatch.dispatch(ContextClassLoaderDispatch.java:33)
	at org.gradle.internal.dispatch.ProxyDispatchAdapter$DispatchingInvocationHandler.invoke(ProxyDispatchAdapter.java:94)
	at com.sun.proxy.$Proxy2.stop(Unknown Source)
	at org.gradle.api.internal.tasks.testing.worker.TestWorker.stop(TestWorker.java:132)
	at java.base/jdk.internal.reflect.NativeMethodAccessorImpl.invoke0(Native Method)
	at java.base/jdk.internal.reflect.NativeMethodAccessorImpl.invoke(NativeMethodAccessorImpl.java:64)
	at java.base/jdk.internal.reflect.DelegatingMethodAccessorImpl.invoke(DelegatingMethodAccessorImpl.java:43)
	at java.base/java.lang.reflect.Method.invoke(Method.java:564)
	at org.gradle.internal.dispatch.ReflectionDispatch.dispatch(ReflectionDispatch.java:36)
	at org.gradle.internal.dispatch.ReflectionDispatch.dispatch(ReflectionDispatch.java:24)
	at org.gradle.internal.remote.internal.hub.MessageHubBackedObjectConnection$DispatchWrapper.dispatch(MessageHubBackedObjectConnection.java:182)
	at org.gradle.internal.remote.internal.hub.MessageHubBackedObjectConnection$DispatchWrapper.dispatch(MessageHubBackedObjectConnection.java:164)
	at org.gradle.internal.remote.internal.hub.MessageHub$Handler.run(MessageHub.java:412)
	at org.gradle.internal.concurrent.ExecutorPolicy$CatchAndRecordFailures.onExecute(ExecutorPolicy.java:64)
	at org.gradle.internal.concurrent.ManagedExecutorImpl$1.run(ManagedExecutorImpl.java:48)
	at java.base/java.util.concurrent.ThreadPoolExecutor.runWorker(ThreadPoolExecutor.java:1130)
	at java.base/java.util.concurrent.ThreadPoolExecutor$Worker.run(ThreadPoolExecutor.java:630)
	at org.gradle.internal.concurrent.ThreadFactoryImpl$ManagedThreadRunnable.run(ThreadFactoryImpl.java:56)
	at java.base/java.lang.Thread.run(Thread.java:832)
</failure>
    <system-out><![CDATA[16:21:22.938 - [OwnersApiClient] INFO  : Initiated petclinic.api.OwnersApiClient instance
16:21:22.962 - [ApiCaller] INFO  : Request:
Request URI:	http://petclinicapi.e46708b92c054086909b.eastus.aksapp.io/petclinic/api/owners
Body:			<none>
16:21:25.048 - [ApiCaller] INFO  : Response:
HTTP/1.1 200 
[{"id":2,"firstName":"Betty","lastName":"Davis","address":"638 Cardinal Ave.","city":"Sun Prairie","telephone":"6085551749","pets":[{"id":2,"name":"Basil","birthDate":"2012/08/06","type":{"id":6,"name":"hamster"},"owner":2,"visits":[]}]},{"id":3,"firstName":"Eduardo","lastName":"Rodriquez","address":"2693 Commerce St.","city":"McFarland","telephone":"6085558763","pets":[{"id":4,"name":"Jewel","birthDate":"2010/03/07","type":{"id":2,"name":"dog"},"owner":3,"visits":[]},{"id":3,"name":"Rosy","birthDate":"2011/04/17","type":{"id":2,"name":"dog"},"owner":3,"visits":[]}]},{"id":4,"firstName":"Harold","lastName":"Davis","address":"563 Friendly St.","city":"Windsor","telephone":"6085553198","pets":[{"id":5,"name":"Iggy","birthDate":"2010/11/30","type":{"id":3,"name":"lizard"},"owner":4,"visits":[]}]},{"id":5,"firstName":"Peter","lastName":"McTavish","address":"2387 S. Fair Way","city":"Madison","telephone":"6085552765","pets":[{"id":6,"name":"George","birthDate":"2010/01/20","type":{"id":4,"name":"snake"},"owner":5,"visits":[{"id":5,"date":"2020/12/03","description":"this is for test","pet":6}]}]},{"id":6,"firstName":"Jean","lastName":"Coleman","address":"105 N. Lake St.","city":"Monona","telephone":"6085552654","pets":[{"id":8,"name":"Max","birthDate":"2012/09/04","type":{"id":1,"name":"cat"},"owner":6,"visits":[{"id":3,"date":"2013/01/03","description":"neutered","pet":8},{"id":2,"date":"2013/01/02","description":"rabies shot","pet":8}]},{"id":7,"name":"Samantha","birthDate":"2012/09/04","type":{"id":1,"name":"cat"},"owner":6,"visits":[{"id":4,"date":"2013/01/04","description":"spayed","pet":7},{"id":1,"date":"2013/01/01","description":"rabies shot","pet":7}]}]},{"id":7,"firstName":"Jeff","lastName":"Black","address":"1450 Oak Blvd.","city":"Monona","telephone":"6085555387","pets":[]},{"id":8,"firstName":"Maria","lastName":"Escobito","address":"345 Maple St.","city":"Madison","telephone":"6085557683","pets":[{"id":10,"name":"Mulligan","birthDate":"2007/02/24","type":{"id":2,"name":"dog"},"owner":8,"visits":[]}]},{"id":9,"firstName":"David","lastName":"Schroeder","address":"2749 Blackhawk Trail","city":"Madison","telephone":"6085559435","pets":[]},{"id":10,"firstName":"Carlos","lastName":"Estaban","address":"2335 Independence La.","city":"Waunakee","telephone":"6085555487","pets":[{"id":12,"name":"Lucky","birthDate":"2010/06/24","type":{"id":2,"name":"dog"},"owner":10,"visits":[]},{"id":13,"name":"Sly","birthDate":"2012/06/08","type":{"id":1,"name":"cat"},"owner":10,"visits":[]}]},{"id":13,"firstName":"Matthew","lastName":"Perry","address":"Wall street","city":"Sun Prairie","telephone":"7085551749","pets":[]},{"id":14,"firstName":"Elizabeth","lastName":"Davies","address":"A-10","city":"PUNE","telephone":"12345","pets":[]},{"id":16,"firstName":"Elizabeth","lastName":"Davies","address":"A-10","city":"PUNE","telephone":"12345","pets":[]},{"id":19,"firstName":"Elizabeth","lastName":"Davies","address":"A-10","city":"PUNE","telephone":"12345","pets":[]},{"id":21,"firstName":"Elizabeth","lastName":"Davies","address":"A-10","city":"PUNE","telephone":"12345","pets":[]},{"id":23,"firstName":"Prashant","lastName":"Tathe","address":"29, Rd Number 9, Gananjay Society, Chaitanya Nagar, Kothrud, Pune, Maharashtra 411058, India","city":"Pune City West","telephone":"1234567890","pets":[]},{"id":24,"firstName":"Ross","lastName":"Geller","address":"flat 401","city":"Mumbai","telephone":"963789","pets":[]},{"id":28,"firstName":"Saniya","lastName":"Bhaldar","address":"Sai Colony","city":"Satara","telephone":"98706","pets":[]},{"id":35,"firstName":"Ross","lastName":"Geller","address":"flat 401","city":"Mumbai","telephone":"963789","pets":[]},{"id":37,"firstName":"Ross","lastName":"Geller","address":"flat 401","city":"Mumbai","telephone":"963789","pets":[]},{"id":39,"firstName":"Sara","lastName":"Mane","address":"10 street","city":"Mumbai","telephone":"9870688977","pets":[]},{"id":41,"firstName":"newOwner","lastName":"newOwner1234","address":"test123","city":"test","telephone":"1234567892","pets":[]},{"id":43,"firstName":"Sarah","lastName":"John","address":"10 street","city":"NewYork","telephone":"9870688977","pets":[]},{"id":44,"firstName":"Jesus","lastName":"Jones","address":"4568","city":"Mexia","telephone":"2542379152","pets":[]},{"id":46,"firstName":"Jesus","lastName":"Jones","address":"4568","city":"Mexia","telephone":"2542379152","pets":[]},{"id":48,"firstName":"Sarah","lastName":"John","address":"10 street","city":"NewYork","telephone":"9870688977","pets":[]},{"id":49,"firstName":"Ross","lastName":"Geller","address":"flat 401","city":"Mumbai","telephone":"963789","pets":[]},{"id":51,"firstName":"Sana","lastName":"Khan","address":"15 street","city":"NewYork","telephone":"9870688977","pets":[]},{"id":52,"firstName":"Ross","lastName":"Geller","address":"flat 401","city":"Mumbai","telephone":"963789","pets":[]},{"id":53,"firstName":"Sana","lastName":"Khan","address":"15 street","city":"NewYork","telephone":"9870688977","pets":[]},{"id":54,"firstName":"Sana","lastName":"Khan","address":"15 street","city":"NewYork","telephone":"9870688977","pets":[]},{"id":55,"firstName":"Raj","lastName":"Mane","address":"15 street","city":"NewYork","telephone":"9870688977","pets":[]},{"id":56,"firstName":"Raj","lastName":"Mane","address":"15 street","city":"NewYork","telephone":"9870688977","pets":[]},{"id":58,"firstName":"Ross","lastName":"Geller","address":"flat 401","city":"Mumbai","telephone":"963789","pets":[]},{"id":59,"firstName":"Raj","lastName":"Mane","address":"15 street","city":"NewYork","telephone":"9870688977","pets":[]},{"id":60,"firstName":"Ross","lastName":"Geller","address":"flat 401","city":"Mumbai","telephone":"963789","pets":[]},{"id":61,"firstName":"Howard","lastName":"Grill","address":"Silveria woods","city":"PUNE","telephone":"9825410365","pets":[]},{"id":62,"firstName":"Ross","lastName":"Geller","address":"flat 401","city":"Mumbai","telephone":"963789","pets":[]},{"id":63,"firstName":"Howard","lastName":"Grill","address":"Silveria woods","city":"PUNE","telephone":"9825410365","pets":[]},{"id":64,"firstName":"Howard","lastName":"Grill","address":"Silveria woods","city":"PUNE","telephone":"9825410365","pets":[]},{"id":65,"firstName":"Ross","lastName":"Geller","address":"flat 401","city":"Mumbai","telephone":"963789","pets":[]},{"id":66,"firstName":"Ross","lastName":"Geller","address":"flat 401","city":"Mumbai","telephone":"963789","pets":[]},{"id":67,"firstName":"Ross","lastName":"Geller","address":"flat 401","city":"Mumbai","telephone":"963789","pets":[]},{"id":68,"firstName":"Ross","lastName":"Geller","address":"flat 401","city":"Mumbai","telephone":"963789","pets":[]},{"id":69,"firstName":"Ross","lastName":"Geller","address":"flat 401","city":"Mumbai","telephone":"963789","pets":[]},{"id":70,"firstName":"Jesus","lastName":"Jones","address":"4568","city":"Mexia","telephone":"2542379152","pets":[]},{"id":71,"firstName":"Jesus","lastName":"Jones","address":"4568","city":"Mexia","telephone":"2542379152","pets":[]},{"id":72,"firstName":"Jesus","lastName":"Jones","address":"4568","city":"Mexia","telephone":"2542379152","pets":[]},{"id":73,"firstName":"Jesus","lastName":"Jones","address":"4568","city":"Mexia","telephone":"2542379152","pets":[]},{"id":74,"firstName":"Howard","lastName":"Grill","address":"Silveria woods","city":"PUNE","telephone":"9825410365","pets":[]},{"id":75,"firstName":"Jesus","lastName":"Jones","address":"4568","city":"Mexia","telephone":"2542379152","pets":[]},{"id":76,"firstName":"Jesus","lastName":"Jones","address":"4568","city":"Mexia","telephone":"2542379152","pets":[]},{"id":77,"firstName":"Jesus","lastName":"Jones","address":"4568","city":"Mexia","telephone":"2542379152","pets":[]},{"id":78,"firstName":"Ross","lastName":"Geller","address":"flat 401","city":"Mumbai","telephone":"963789","pets":[]},{"id":79,"firstName":"Matthew","lastName":"Perry","address":"640 Cardinal Ave.","city":"Sun Prairie","telephone":"7085551749","pets":[]},{"id":80,"firstName":"Matthew","lastName":"Perry","address":"640 Cardinal Ave.","city":"Sun Prairie","telephone":"7085551749","pets":[]},{"id":81,"firstName":"Prashant","lastName":"Tathe","address":"address 1","city":"city 1","telephone":"1234567890","pets":[]},{"id":82,"firstName":"Jesus","lastName":"Jones","address":"4568","city":"Mexia","telephone":"2542379152","pets":[]},{"id":83,"firstName":"Jesus","lastName":"Jones","address":"4568","city":"Mexia","telephone":"2542379152","pets":[]},{"id":84,"firstName":"Ross","lastName":"Geller","address":"flat 401","city":"Mumbai","telephone":"963789","pets":[]},{"id":85,"firstName":"Jesus","lastName":"Jones","address":"4568","city":"Mexia","telephone":"2542379152","pets":[]},{"id":86,"firstName":"Jesus","lastName":"Jones","address":"4568","city":"Mexia","telephone":"2542379152","pets":[]},{"id":87,"firstName":"Monica","lastName":"Geller","address":"Central Perk","city":"NYC","telephone":"7896541236","pets":[]},{"id":88,"firstName":"Ross","lastName":"Geller","address":"flat 401","city":"Mumbai","telephone":"963789","pets":[]},{"id":89,"firstName":"Josephine","lastName":"Darakjy","address":"4 B Blue Ridge Blvd","city":"Brighton","telephone":"5248","pets":[]},{"id":90,"firstName":"Ernesto","lastName":"Wayne","address":"4920 Ingram Street","city":"Dayton","telephone":"8595874250","pets":[]},{"id":92,"firstName":"Phoebe","lastName":"Geller","address":"Central Perk","city":"NYC","telephone":"7896541236","pets":[]},{"id":93,"firstName":"Monica","lastName":"Geller","address":"Central Perk","city":"NYC","telephone":"7896541236","pets":[]},{"id":94,"firstName":"Ernesto","lastName":"Wayne","address":"4920 Ingram Street","city":"Dayton","telephone":"8595874250","pets":[]},{"id":95,"firstName":"Ernesto","lastName":"Wayne","address":"4920 Ingram Street","city":"Dayton","telephone":"8595874250","pets":[]},{"id":96,"firstName":"Ernesto","lastName":"Wayne","address":"4920 Ingram Street","city":"Dayton","telephone":"8595874250","pets":[]},{"id":97,"firstName":"Ernesto","lastName":"Wayne","address":"4920 Ingram Street","city":"Dayton","telephone":"8595874250","pets":[]},{"id":98,"firstName":"Ernesto","lastName":"Wayne","address":"4920 Ingram Street","city":"Dayton","telephone":"8595874250","pets":[]},{"id":99,"firstName":"Monica","lastName":"Geller","address":"Central Perk","city":"NYC","telephone":"7896541236","pets":[]},{"id":100,"firstName":"Monica","lastName":"Geller","address":"Central Perk","city":"NYC","telephone":"7896541236","pets":[]},{"id":101,"firstName":"Monica","lastName":"Geller","address":"Central Perk","city":"NYC","telephone":"7896541236","pets":[]},{"id":102,"firstName":"Monica","lastName":"Geller","address":"Central Perk","city":"NYC","telephone":"7896541236","pets":[]},{"id":103,"firstName":"Emma","lastName":"Watson","address":"Ontario , Salisbury Park Road","city":"Ontario","telephone":"86747358","pets":[]},{"id":104,"firstName":"Monica","lastName":"Geller","address":"Central Perk","city":"NYC","telephone":"7896541236","pets":[]},{"id":105,"firstName":"Emma","lastName":"Watson","address":"Ontario , Salisbury Park Road","city":"Ontario","telephone":"86747358","pets":[]},{"id":107,"firstName":"Monica","lastName":"Geller","address":"Central Perk","city":"NYC","telephone":"7896541236","pets":[]},{"id":108,"firstName":"Emma","lastName":"Watson","address":"Ontario , Salisbury Park Road","city":"Ontario","telephone":"86747358","pets":[]},{"id":109,"firstName":"Monica","lastName":"Geller","address":"Central Perk","city":"NYC","telephone":"7896541236","pets":[]},{"id":110,"firstName":"Monica","lastName":"Geller","address":"Central Perk","city":"NYC","telephone":"7896541236","pets":[]},{"id":111,"firstName":"Monica","lastName":"Geller","address":"Central Perk","city":"NYC","telephone":"7896541236","pets":[]},{"id":112,"firstName":"Monica","lastName":"Geller","address":"Central Perk","city":"NYC","telephone":"7896541236","pets":[]},{"id":113,"firstName":"Monica","lastName":"Geller","address":"Central Perk","city":"NYC","telephone":"7896541236","pets":[]},{"id":114,"firstName":"Monica","lastName":"Geller","address":"Central Perk","city":"NYC","telephone":"7896541236","pets":[]},{"id":115,"firstName":"Monica","lastName":"Geller","address":"Central Perk","city":"NYC","telephone":"7896541236","pets":[]},{"id":116,"firstName":"Emma","lastName":"Watson","address":"Ontario , Salisbury Park Road","city":"Ontario","telephone":"86747358","pets":[]},{"id":117,"firstName":"Joey","lastName":"Watson","address":"Ontario , Salisbury Park Road","city":"Ontario","telephone":"86747358","pets":[]},{"id":118,"firstName":"Emma","lastName":"Watson","address":"Ontario , Salisbury Park Road","city":"Ontario","telephone":"86747358","pets":[]},{"id":119,"firstName":"Emma","lastName":"Watson","address":"Ontario , Salisbury Park Road","city":"Ontario","telephone":"86747358","pets":[]},{"id":120,"firstName":"Emma","lastName":"Watson","address":"Ontario , Salisbury Park Road","city":"Ontario","telephone":"86747358","pets":[]},{"id":121,"firstName":"Monica","lastName":"Geller","address":"Central Perk","city":"NYC","telephone":"7896541236","pets":[]},{"id":122,"firstName":"Ernesto","lastName":"Wayne","address":"4920 Ingram Street","city":"Dayton","telephone":"8595874250","pets":[]},{"id":123,"firstName":"Monica","lastName":"Geller","address":"Central Perk","city":"NYC","telephone":"7896541236","pets":[]},{"id":124,"firstName":"Monica","lastName":"Geller","address":"Central Perk","city":"NYC","telephone":"7896541236","pets":[]},{"id":125,"firstName":"string","lastName":"string","address":"string","city":"string","telephone":"9545609666","pets":[]},{"id":126,"firstName":"Ernesto","lastName":"Wayne","address":"4920 Ingram Street","city":"Dayton","telephone":"8595874250","pets":[]},{"id":127,"firstName":"ff","lastName":"efef","address":"efef","city":"efefe","telephone":"6222","pets":[]},{"id":128,"firstName":"Emma","lastName":"Watson","address":"Ontario , Salisbury Park Road","city":"Ontario","telephone":"86747358","pets":[]},{"id":129,"firstName":"Monica","lastName":"Geller","address":"Central Perk","city":"NYC","telephone":"7896541236","pets":[]},{"id":130,"firstName":"Ernesto","lastName":"Wayne","address":"4920 Ingram Street","city":"Dayton","telephone":"8595874250","pets":[]},{"id":131,"firstName":"Monica","lastName":"Geller","address":"Central Perk","city":"NYC","telephone":"7896541236","pets":[]},{"id":132,"firstName":"Ernesto","lastName":"Wayne","address":"4920 Ingram Street","city":"Dayton","telephone":"8595874250","pets":[]},{"id":133,"firstName":"Ernesto","lastName":"Wayne","address":"4920 Ingram Street","city":"Dayton","telephone":"8595874250","pets":[]},{"id":134,"firstName":"Monica","lastName":"Geller","address":"Central Perk","city":"NYC","telephone":"7896541236","pets":[]},{"id":135,"firstName":"Monica","lastName":"Geller","address":"Central Perk","city":"NYC","telephone":"7896541236","pets":[]},{"id":136,"firstName":"Monica","lastName":"Geller","address":"Central Perk","city":"NYC","telephone":"7896541236","pets":[]},{"id":137,"firstName":"Monica","lastName":"Geller","address":"Central Perk","city":"NYC","telephone":"7896541236","pets":[]},{"id":138,"firstName":"Ernesto","lastName":"Wayne","address":"4920 Ingram Street","city":"Dayton","telephone":"8595874250","pets":[]},{"id":139,"firstName":"Monica","lastName":"Geller","address":"Central Perk","city":"NYC","telephone":"7896541236","pets":[]},{"id":140,"firstName":"Monica","lastName":"Geller","address":"Central Perk","city":"NYC","telephone":"7896541236","pets":[]},{"id":141,"firstName":"Monica","lastName":"Geller","address":"Central Perk","city":"NYC","telephone":"7896541236","pets":[]},{"id":142,"firstName":"Monica","lastName":"Geller","address":"Central Perk","city":"NYC","telephone":"7896541236","pets":[]},{"id":143,"firstName":"Monica","lastName":"Geller","address":"Central Perk","city":"NYC","telephone":"7896541236","pets":[]},{"id":144,"firstName":"Ernesto","lastName":"Wayne","address":"4920 Ingram Street","city":"Dayton","telephone":"8595874250","pets":[]},{"id":145,"firstName":"Ernesto","lastName":"Wayne","address":"4920 Ingram Street","city":"Dayton","telephone":"8595874250","pets":[]},{"id":146,"firstName":"Ernesto","lastName":"Wayne","address":"4920 Ingram Street","city":"Dayton","telephone":"8595874250","pets":[]},{"id":147,"firstName":"Ernesto","lastName":"Wayne","address":"4920 Ingram Street","city":"Dayton","telephone":"8595874250","pets":[]},{"id":148,"firstName":"Monica","lastName":"Geller","address":"Central Perk","city":"NYC","telephone":"7896541236","pets":[]}]
16:21:26.259 - [OwnersApiClient] INFO  : Initiated petclinic.api.OwnersApiClient instance
16:21:26.299 - [ApiCaller] INFO  : Request:
Request URI:	http://petclinicapi.e46708b92c054086909b.eastus.aksapp.io/petclinic/api/owners
Body:
{"firstName":"Monica","lastName":"Geller","address":"Central Perk","city":"NYC","telephone":"7896541236"}
16:21:26.934 - [ApiCaller] INFO  : Response:
HTTP/1.1 201 
{"id":149,"firstName":"Monica","lastName":"Geller","address":"Central Perk","city":"NYC","telephone":"7896541236","pets":[]}
16:21:30.939 - [OwnersApiClient] INFO  : Initiated petclinic.api.OwnersApiClient instance
16:21:30.939 - [ApiCaller] INFO  : Request:
Request URI:	http://petclinicapi.e46708b92c054086909b.eastus.aksapp.io/petclinic/api/owners/149
Body:			<none>
16:21:31.554 - [ApiCaller] INFO  : Response:
HTTP/1.1 404 

]]></system-out>
    <system-err><![CDATA[]]></system-err>
  </testcase>
  <system-out><![CDATA[]]></system-out>
  <system-err><![CDATA[]]></system-err>
</testsuite>
